0 info it worked if it ends with ok
1 verbose cli [ 'C:\\Program Files\\nodejs\\\\node.exe',
1 verbose cli   'C:\\Program Files\\nodejs\\node_modules\\npm\\bin\\npm-cli.js',
1 verbose cli   'i',
1 verbose cli   'mdns' ]
2 info using npm@2.15.11
3 info using node@v0.12.18
4 verbose install initial load of W:\test.tadaaam.studio\auto_print\package.json
5 warn package.json s1@1.0.0 No description
6 warn package.json s1@1.0.0 No repository field.
7 warn package.json s1@1.0.0 No README data
8 verbose installManyTop reading scoped package data from W:\test.tadaaam.studio\auto_print\node_modules\asynckit\package.json
9 verbose installManyTop reading scoped package data from W:\test.tadaaam.studio\auto_print\node_modules\available-typed-arrays\package.json
10 verbose installManyTop reading scoped package data from W:\test.tadaaam.studio\auto_print\node_modules\axios\package.json
11 verbose installManyTop reading scoped package data from W:\test.tadaaam.studio\auto_print\node_modules\base64-js\package.json
12 verbose installManyTop reading scoped package data from W:\test.tadaaam.studio\auto_print\node_modules\brotli\package.json
13 verbose installManyTop reading scoped package data from W:\test.tadaaam.studio\auto_print\node_modules\buffer-from\package.json
14 verbose installManyTop reading scoped package data from W:\test.tadaaam.studio\auto_print\node_modules\call-bind\package.json
15 verbose installManyTop reading scoped package data from W:\test.tadaaam.studio\auto_print\node_modules\clone\package.json
16 verbose installManyTop reading scoped package data from W:\test.tadaaam.studio\auto_print\node_modules\combined-stream\package.json
17 verbose installManyTop reading scoped package data from W:\test.tadaaam.studio\auto_print\node_modules\concat-stream\package.json
18 verbose installManyTop reading scoped package data from W:\test.tadaaam.studio\auto_print\node_modules\crypto-js\package.json
19 verbose installManyTop reading scoped package data from W:\test.tadaaam.studio\auto_print\node_modules\deep-equal\package.json
20 verbose installManyTop reading scoped package data from W:\test.tadaaam.studio\auto_print\node_modules\define-properties\package.json
21 verbose installManyTop reading scoped package data from W:\test.tadaaam.studio\auto_print\node_modules\delayed-stream\package.json
22 verbose installManyTop reading scoped package data from W:\test.tadaaam.studio\auto_print\node_modules\dfa\package.json
23 verbose installManyTop reading scoped package data from W:\test.tadaaam.studio\auto_print\node_modules\es-get-iterator\package.json
24 verbose installManyTop reading scoped package data from W:\test.tadaaam.studio\auto_print\node_modules\follow-redirects\package.json
25 verbose installManyTop reading scoped package data from W:\test.tadaaam.studio\auto_print\node_modules\fontkit\package.json
26 verbose installManyTop reading scoped package data from W:\test.tadaaam.studio\auto_print\node_modules\for-each\package.json
27 verbose installManyTop reading scoped package data from W:\test.tadaaam.studio\auto_print\node_modules\form-data\package.json
28 verbose installManyTop reading scoped package data from W:\test.tadaaam.studio\auto_print\node_modules\function-bind\package.json
29 verbose installManyTop reading scoped package data from W:\test.tadaaam.studio\auto_print\node_modules\functions-have-names\package.json
30 verbose installManyTop reading scoped package data from W:\test.tadaaam.studio\auto_print\node_modules\get-intrinsic\package.json
31 verbose installManyTop reading scoped package data from W:\test.tadaaam.studio\auto_print\node_modules\gopd\package.json
32 verbose installManyTop reading scoped package data from W:\test.tadaaam.studio\auto_print\node_modules\has\package.json
33 verbose installManyTop reading scoped package data from W:\test.tadaaam.studio\auto_print\node_modules\has-bigints\package.json
34 verbose installManyTop reading scoped package data from W:\test.tadaaam.studio\auto_print\node_modules\has-property-descriptors\package.json
35 verbose installManyTop reading scoped package data from W:\test.tadaaam.studio\auto_print\node_modules\has-symbols\package.json
36 verbose installManyTop reading scoped package data from W:\test.tadaaam.studio\auto_print\node_modules\has-tostringtag\package.json
37 verbose installManyTop reading scoped package data from W:\test.tadaaam.studio\auto_print\node_modules\inherits\package.json
38 verbose installManyTop reading scoped package data from W:\test.tadaaam.studio\auto_print\node_modules\internal-slot\package.json
39 verbose installManyTop reading scoped package data from W:\test.tadaaam.studio\auto_print\node_modules\ipp\package.json
40 verbose installManyTop reading scoped package data from W:\test.tadaaam.studio\auto_print\node_modules\is-arguments\package.json
41 verbose installManyTop reading scoped package data from W:\test.tadaaam.studio\auto_print\node_modules\is-array-buffer\package.json
42 verbose installManyTop reading scoped package data from W:\test.tadaaam.studio\auto_print\node_modules\is-bigint\package.json
43 verbose installManyTop reading scoped package data from W:\test.tadaaam.studio\auto_print\node_modules\is-boolean-object\package.json
44 verbose installManyTop reading scoped package data from W:\test.tadaaam.studio\auto_print\node_modules\is-callable\package.json
45 verbose installManyTop reading scoped package data from W:\test.tadaaam.studio\auto_print\node_modules\is-date-object\package.json
46 verbose installManyTop reading scoped package data from W:\test.tadaaam.studio\auto_print\node_modules\is-map\package.json
47 verbose installManyTop reading scoped package data from W:\test.tadaaam.studio\auto_print\node_modules\is-number-object\package.json
48 verbose installManyTop reading scoped package data from W:\test.tadaaam.studio\auto_print\node_modules\is-regex\package.json
49 verbose installManyTop reading scoped package data from W:\test.tadaaam.studio\auto_print\node_modules\is-set\package.json
50 verbose installManyTop reading scoped package data from W:\test.tadaaam.studio\auto_print\node_modules\is-shared-array-buffer\package.json
51 verbose installManyTop reading scoped package data from W:\test.tadaaam.studio\auto_print\node_modules\is-string\package.json
52 verbose installManyTop reading scoped package data from W:\test.tadaaam.studio\auto_print\node_modules\is-symbol\package.json
53 verbose installManyTop reading scoped package data from W:\test.tadaaam.studio\auto_print\node_modules\is-typed-array\package.json
54 verbose installManyTop reading scoped package data from W:\test.tadaaam.studio\auto_print\node_modules\is-weakmap\package.json
55 verbose installManyTop reading scoped package data from W:\test.tadaaam.studio\auto_print\node_modules\is-weakset\package.json
56 verbose installManyTop reading scoped package data from W:\test.tadaaam.studio\auto_print\node_modules\isarray\package.json
57 verbose installManyTop reading scoped package data from W:\test.tadaaam.studio\auto_print\node_modules\linebreak\package.json
58 verbose installManyTop reading scoped package data from W:\test.tadaaam.studio\auto_print\node_modules\mime-db\package.json
59 verbose installManyTop reading scoped package data from W:\test.tadaaam.studio\auto_print\node_modules\mime-types\package.json
60 verbose installManyTop reading scoped package data from W:\test.tadaaam.studio\auto_print\node_modules\object-inspect\package.json
61 verbose installManyTop reading scoped package data from W:\test.tadaaam.studio\auto_print\node_modules\object-is\package.json
62 verbose installManyTop reading scoped package data from W:\test.tadaaam.studio\auto_print\node_modules\object-keys\package.json
63 verbose installManyTop reading scoped package data from W:\test.tadaaam.studio\auto_print\node_modules\object.assign\package.json
64 verbose installManyTop reading scoped package data from W:\test.tadaaam.studio\auto_print\node_modules\pako\package.json
65 verbose installManyTop reading scoped package data from W:\test.tadaaam.studio\auto_print\node_modules\pdfkit\package.json
66 verbose installManyTop reading scoped package data from W:\test.tadaaam.studio\auto_print\node_modules\png-js\package.json
67 verbose installManyTop reading scoped package data from W:\test.tadaaam.studio\auto_print\node_modules\proxy-from-env\package.json
68 verbose installManyTop reading scoped package data from W:\test.tadaaam.studio\auto_print\node_modules\readable-stream\package.json
69 verbose installManyTop reading scoped package data from W:\test.tadaaam.studio\auto_print\node_modules\readline\package.json
70 verbose installManyTop reading scoped package data from W:\test.tadaaam.studio\auto_print\node_modules\regexp.prototype.flags\package.json
71 verbose installManyTop reading scoped package data from W:\test.tadaaam.studio\auto_print\node_modules\restructure\package.json
72 verbose installManyTop reading scoped package data from W:\test.tadaaam.studio\auto_print\node_modules\safe-buffer\package.json
73 verbose installManyTop reading scoped package data from W:\test.tadaaam.studio\auto_print\node_modules\side-channel\package.json
74 verbose installManyTop reading scoped package data from W:\test.tadaaam.studio\auto_print\node_modules\stop-iteration-iterator\package.json
75 verbose installManyTop reading scoped package data from W:\test.tadaaam.studio\auto_print\node_modules\string_decoder\package.json
76 verbose installManyTop reading scoped package data from W:\test.tadaaam.studio\auto_print\node_modules\tiny-inflate\package.json
77 verbose installManyTop reading scoped package data from W:\test.tadaaam.studio\auto_print\node_modules\tslib\package.json
78 verbose installManyTop reading scoped package data from W:\test.tadaaam.studio\auto_print\node_modules\typedarray\package.json
79 verbose installManyTop reading scoped package data from W:\test.tadaaam.studio\auto_print\node_modules\unicode-properties\package.json
80 verbose installManyTop reading scoped package data from W:\test.tadaaam.studio\auto_print\node_modules\unicode-trie\package.json
81 verbose installManyTop reading scoped package data from W:\test.tadaaam.studio\auto_print\node_modules\util-deprecate\package.json
82 verbose installManyTop reading scoped package data from W:\test.tadaaam.studio\auto_print\node_modules\which-boxed-primitive\package.json
83 verbose installManyTop reading scoped package data from W:\test.tadaaam.studio\auto_print\node_modules\which-collection\package.json
84 verbose installManyTop reading scoped package data from W:\test.tadaaam.studio\auto_print\node_modules\which-typed-array\package.json
85 verbose installManyTop reading scoped package data from W:\test.tadaaam.studio\auto_print\node_modules\@swc\helpers\package.json
86 info package.json @swc/helpers@0.3.17 No README data
87 info package.json ipp@2.0.1 No license field.
88 info package.json png-js@1.0.0 No license field.
89 info package.json readline@1.3.0 readline is also the name of a node core module.
90 info package.json readline@1.3.0 license should be a valid SPDX license expression
91 info package.json string_decoder@1.3.0 string_decoder is also the name of a node core module.
92 verbose readDependencies loading dependencies from W:\test.tadaaam.studio\auto_print\package.json
93 silly cache add args [ 'mdns', null ]
94 verbose cache add spec mdns
95 silly cache add parsed spec { raw: 'mdns',
95 silly cache add   scope: null,
95 silly cache add   name: 'mdns',
95 silly cache add   rawSpec: '',
95 silly cache add   spec: 'latest',
95 silly cache add   type: 'tag' }
96 silly addNamed mdns@latest
97 verbose addNamed "latest" is being treated as a dist-tag for mdns
98 info addNameTag [ 'mdns', 'latest' ]
99 silly mapToRegistry name mdns
100 silly mapToRegistry using default registry
101 silly mapToRegistry registry https://registry.npmjs.org/
102 silly mapToRegistry data { raw: 'mdns',
102 silly mapToRegistry   scope: null,
102 silly mapToRegistry   name: 'mdns',
102 silly mapToRegistry   rawSpec: '',
102 silly mapToRegistry   spec: 'latest',
102 silly mapToRegistry   type: 'tag' }
103 silly mapToRegistry uri https://registry.npmjs.org/mdns
104 verbose addNameTag registry:https://registry.npmjs.org/mdns not in flight; fetching
105 verbose request uri https://registry.npmjs.org/mdns
106 verbose request no auth needed
107 info attempt registry request try #1 at 17:38:59
108 verbose request id ba59920f0fc8d455
109 http request GET https://registry.npmjs.org/mdns
110 http 200 https://registry.npmjs.org/mdns
111 verbose headers { date: 'Mon, 10 Jul 2023 15:39:00 GMT',
111 verbose headers   'content-type': 'application/json',
111 verbose headers   'transfer-encoding': 'chunked',
111 verbose headers   connection: 'keep-alive',
111 verbose headers   'cf-ray': '7e49e59a78f32a2e-CDG',
111 verbose headers   'cf-cache-status': 'REVALIDATED',
111 verbose headers   'access-control-allow-origin': '*',
111 verbose headers   'cache-control': 'public, max-age=300',
111 verbose headers   etag: 'W/"e9ac80b6b8ccfb8a3830228ce79b6593"',
111 verbose headers   'last-modified': 'Sun, 19 Jun 2022 17:21:07 GMT',
111 verbose headers   vary: 'accept-encoding, accept',
111 verbose headers   'x-amz-replication-status': 'COMPLETED',
111 verbose headers   server: 'cloudflare',
111 verbose headers   'content-encoding': 'gzip' }
112 silly get cb [ 200,
112 silly get   { date: 'Mon, 10 Jul 2023 15:39:00 GMT',
112 silly get     'content-type': 'application/json',
112 silly get     'transfer-encoding': 'chunked',
112 silly get     connection: 'keep-alive',
112 silly get     'cf-ray': '7e49e59a78f32a2e-CDG',
112 silly get     'cf-cache-status': 'REVALIDATED',
112 silly get     'access-control-allow-origin': '*',
112 silly get     'cache-control': 'public, max-age=300',
112 silly get     etag: 'W/"e9ac80b6b8ccfb8a3830228ce79b6593"',
112 silly get     'last-modified': 'Sun, 19 Jun 2022 17:21:07 GMT',
112 silly get     vary: 'accept-encoding, accept',
112 silly get     'x-amz-replication-status': 'COMPLETED',
112 silly get     server: 'cloudflare',
112 silly get     'content-encoding': 'gzip' } ]
113 verbose get saving mdns to C:\Users\Louis\AppData\Roaming\npm-cache\registry.npmjs.org\mdns\.cache.json
114 verbose correctMkdir C:\Users\Louis\AppData\Roaming\npm-cache correctMkdir not in flight; initializing
115 verbose makeDirectory C:\Users\Louis\AppData\Roaming\npm-cache creation not in flight; initializing
116 verbose makeCacheDir UID & GID are irrelevant on win32
117 silly addNameTag next cb for mdns with tag latest
118 silly addNamed mdns@2.7.2
119 verbose addNamed "2.7.2" is a plain semver version for mdns
120 silly mapToRegistry name mdns
121 silly mapToRegistry using default registry
122 silly mapToRegistry registry https://registry.npmjs.org/
123 silly mapToRegistry data { raw: 'mdns',
123 silly mapToRegistry   scope: null,
123 silly mapToRegistry   name: 'mdns',
123 silly mapToRegistry   rawSpec: '',
123 silly mapToRegistry   spec: 'latest',
123 silly mapToRegistry   type: 'tag' }
124 silly mapToRegistry uri https://registry.npmjs.org/mdns
125 verbose addRemoteTarball https://registry.npmjs.org/mdns/-/mdns-2.7.2.tgz not in flight; adding
126 verbose addRemoteTarball [ 'https://registry.npmjs.org/mdns/-/mdns-2.7.2.tgz',
126 verbose addRemoteTarball   '1629077b950e2a9bdb02e370d505ff4fa2ace0ff' ]
127 info retry fetch attempt 1 at 17:39:00
128 info attempt registry request try #1 at 17:39:00
129 http fetch GET https://registry.npmjs.org/mdns/-/mdns-2.7.2.tgz
130 http fetch 200 https://registry.npmjs.org/mdns/-/mdns-2.7.2.tgz
131 silly fetchAndShaCheck shasum 1629077b950e2a9bdb02e370d505ff4fa2ace0ff
132 verbose addTmpTarball C:\Users\Louis\AppData\Local\Temp\npm-20660-596d2180\registry.npmjs.org\mdns\-\mdns-2.7.2.tgz not in flight; adding
133 verbose addTmpTarball already have metadata; skipping unpack for mdns@2.7.2
134 verbose correctMkdir C:\Users\Louis\AppData\Roaming\npm-cache correctMkdir not in flight; initializing
135 silly cache afterAdd mdns@2.7.2
136 verbose afterAdd C:\Users\Louis\AppData\Roaming\npm-cache\mdns\2.7.2\package\package.json not in flight; writing
137 verbose correctMkdir C:\Users\Louis\AppData\Roaming\npm-cache correctMkdir not in flight; initializing
138 verbose afterAdd C:\Users\Louis\AppData\Roaming\npm-cache\mdns\2.7.2\package\package.json written
139 silly install resolved [ { name: 'mdns',
139 silly install resolved     version: '2.7.2',
139 silly install resolved     description: 'multicast DNS service discovery',
139 silly install resolved     main: './lib/mdns.js',
139 silly install resolved     scripts: { test: 'node utils/testrun', install: 'node-gyp rebuild' },
139 silly install resolved     keywords: [ 'zeroconf', 'bonjour', 'dns_sd', 'mDNSResponder' ],
139 silly install resolved     devDependencies:
139 silly install resolved      { ejs: '*',
139 silly install resolved        glob: '*',
139 silly install resolved        less: '*',
139 silly install resolved        minimatch: '*',
139 silly install resolved        mkdirp: '*',
139 silly install resolved        ncp: '*',
139 silly install resolved        nopt: '*',
139 silly install resolved        proxyquire: '^2.0.0',
139 silly install resolved        slide: '*' },
139 silly install resolved     repository:
139 silly install resolved      { type: 'git',
139 silly install resolved        url: 'git+ssh://git@github.com/agnat/node_mdns.git' },
139 silly install resolved     homepage: 'http://agnat.github.com/node_mdns',
139 silly install resolved     bugs: { url: 'http://github.com/agnat/node_mdns/issues' },
139 silly install resolved     licenses: [ [Object] ],
139 silly install resolved     author: { name: 'David Siegel', email: 'agnat@me.com' },
139 silly install resolved     contributors:
139 silly install resolved      [ [Object],
139 silly install resolved        [Object],
139 silly install resolved        [Object],
139 silly install resolved        [Object],
139 silly install resolved        [Object],
139 silly install resolved        [Object],
139 silly install resolved        [Object] ],
139 silly install resolved     dependencies: { bindings: '~1.2.1', nan: '^2.14.0' },
139 silly install resolved     gypfile: true,
139 silly install resolved     gitHead: 'ba5756db869e153f0387045e38d0f9990d859b29',
139 silly install resolved     _id: 'mdns@2.7.2',
139 silly install resolved     _nodeVersion: '10.16.0',
139 silly install resolved     _npmVersion: '6.9.0',
139 silly install resolved     _npmUser: { name: 'agnat', email: 'agnat@me.com' },
139 silly install resolved     maintainers: [ [Object], [Object] ],
139 silly install resolved     dist:
139 silly install resolved      { integrity: 'sha512-NBOQT22DKvuNWVY7nKNbs6w9eGRyPwnc4ZjKOsCG2G/4wNt1+IyiHvc+5yhcAUZLG46cOY321YW7Ufz3lMtrhw==',
139 silly install resolved        shasum: '1629077b950e2a9bdb02e370d505ff4fa2ace0ff',
139 silly install resolved        tarball: 'https://registry.npmjs.org/mdns/-/mdns-2.7.2.tgz',
139 silly install resolved        fileCount: 69,
139 silly install resolved        unpackedSize: 238476,
139 silly install resolved        'npm-signature': '-----BEGIN PGP SIGNATURE-----\r\nVersion: OpenPGP.js v3.0.13\r\nComment: https://openpgpjs.org\r\n\r\nwsFcBAEBCAAQBQJfs7mGCRA9TVsSAnZWagAAIy0QAJJT5aq1Hup2c2UMRias\nQ2NWmQnMlkuxwZhnXaZJsiOcXCpydscAiK+WZnJxCJlVGhWcS8rIYD8jTevI\n+VUYxVQUrYOJYYpGbDmmPJ+tDLqUVeIO122kCK23Jhp7CfDFv/facFLVlASk\n+daBRtleGW3j146O4ihxfoNBeSEpkb9XWA/CRKy3gnqYBHwUKAtnDliOyS9u\ncVkpGr9xc6aHsh2K1XS6H3VtRL8QU0dktYOZpDDwJFbyCl3jM29GVSM6RXQm\naj+XWhGMbt06YrEYgfKxCXv2JrgYsgKNP01tNzEuUYkgsr6I4uFwHg34vG62\nTGp/gQL9Ro1iNPP2TtB6W/FUObUrqEjq3948+198iYQ07qTsblUF0IgQIEN8\nRhEskDkjO5dBU+MvaE5laP3/h69k9GwlwSCfbds4y0ynlzxHPbeymKM4Ye/9\nIVjCpucHF+VwhbIJBjIAWE4PgA6TVC7hNsGyPZ7FM6dcUJttf93zJ0NP8sE3\nHa8qWiklJsiIHivQJaHzdIRp3jPVeeWjZC+ZlispMNcZdko3wyna+772UMKs\nZBzBZAj+Gml8mWuS38XBKiK2k76BYSdyPAxtlhSgExm51VS4x1W3wUjiRKWp\n45lNvkty7LFsAL9LfPsN/hST0PQsALA+wTsM2YdKuu+eqtAshe2yXtPllaJL\nQtAf\r\n=5xeq\r\n-----END PGP SIGNATURE-----\r\n',
139 silly install resolved        signatures: [Object] },
139 silly install resolved     directories: {},
139 silly install resolved     _npmOperationalInternal:
139 silly install resolved      { host: 's3://npm-registry-packages',
139 silly install resolved        tmp: 'tmp/mdns_2.7.2_1605613958405_0.5188923357193891' },
139 silly install resolved     _hasShrinkwrap: false,
139 silly install resolved     _shasum: '1629077b950e2a9bdb02e370d505ff4fa2ace0ff',
139 silly install resolved     _resolved: 'https://registry.npmjs.org/mdns/-/mdns-2.7.2.tgz',
139 silly install resolved     _from: 'mdns@latest' } ]
140 info install mdns@2.7.2 into W:\test.tadaaam.studio\auto_print
141 info installOne mdns@2.7.2
142 verbose installOne of mdns to W:\test.tadaaam.studio\auto_print not in flight; installing
143 verbose correctMkdir C:\Users\Louis\AppData\Roaming\npm-cache\_locks correctMkdir not in flight; initializing
144 verbose makeDirectory C:\Users\Louis\AppData\Roaming\npm-cache\_locks creation not in flight; initializing
145 verbose makeCacheDir UID & GID are irrelevant on win32
146 verbose lock using C:\Users\Louis\AppData\Roaming\npm-cache\_locks\mdns-02b5f38b15c6b375.lock for W:\test.tadaaam.studio\auto_print\node_modules\mdns
147 silly install write writing mdns 2.7.2 to W:\test.tadaaam.studio\auto_print\node_modules\mdns
148 verbose unbuild node_modules\mdns
149 silly gentlyRm W:\test.tadaaam.studio\auto_print\node_modules\mdns is being purged from base W:\test.tadaaam.studio\auto_print
150 verbose gentlyRm don't care about contents; nuking W:\test.tadaaam.studio\auto_print\node_modules\mdns
151 verbose tar unpack C:\Users\Louis\AppData\Roaming\npm-cache\mdns\2.7.2\package.tgz
152 verbose tar unpacking to W:\test.tadaaam.studio\auto_print\node_modules\mdns
153 silly gentlyRm W:\test.tadaaam.studio\auto_print\node_modules\mdns is being purged
154 verbose gentlyRm don't care about contents; nuking W:\test.tadaaam.studio\auto_print\node_modules\mdns
155 silly gunzTarPerm modes [ '777', '666' ]
156 silly gunzTarPerm extractEntry package.json
157 silly gunzTarPerm modified mode [ 'package.json', 420, 438 ]
158 silly gunzTarPerm extractEntry binding.gyp
159 silly gunzTarPerm modified mode [ 'binding.gyp', 420, 438 ]
160 silly gunzTarPerm extractEntry CHANGES
161 silly gunzTarPerm modified mode [ 'CHANGES', 420, 438 ]
162 silly gunzTarPerm extractEntry LICENSE
163 silly gunzTarPerm modified mode [ 'LICENSE', 420, 438 ]
164 silly gunzTarPerm extractEntry Makefile
165 silly gunzTarPerm modified mode [ 'Makefile', 420, 438 ]
166 silly gunzTarPerm extractEntry node-waf.bat
167 silly gunzTarPerm modified mode [ 'node-waf.bat', 420, 438 ]
168 silly gunzTarPerm extractEntry README.md
169 silly gunzTarPerm modified mode [ 'README.md', 420, 438 ]
170 silly gunzTarPerm extractEntry wscript
171 silly gunzTarPerm modified mode [ 'wscript', 420, 438 ]
172 silly gunzTarPerm extractEntry examples/express_app.js
173 silly gunzTarPerm modified mode [ 'examples/express_app.js', 493, 511 ]
174 silly gunzTarPerm extractEntry examples/osc_devices.js
175 silly gunzTarPerm modified mode [ 'examples/osc_devices.js', 493, 511 ]
176 silly gunzTarPerm extractEntry lib/advertisement.js
177 silly gunzTarPerm modified mode [ 'lib/advertisement.js', 420, 438 ]
178 silly gunzTarPerm extractEntry lib/avahi.js
179 silly gunzTarPerm modified mode [ 'lib/avahi.js', 420, 438 ]
180 silly gunzTarPerm extractEntry lib/browser.js
181 silly gunzTarPerm modified mode [ 'lib/browser.js', 420, 438 ]
182 silly gunzTarPerm extractEntry lib/dns_sd.js
183 silly gunzTarPerm modified mode [ 'lib/dns_sd.js', 420, 438 ]
184 silly gunzTarPerm extractEntry lib/io_watcher.js
185 silly gunzTarPerm modified mode [ 'lib/io_watcher.js', 420, 438 ]
186 silly gunzTarPerm extractEntry lib/mdns_service.js
187 silly gunzTarPerm modified mode [ 'lib/mdns_service.js', 420, 438 ]
188 silly gunzTarPerm extractEntry lib/mdns.js
189 silly gunzTarPerm modified mode [ 'lib/mdns.js', 420, 438 ]
190 silly gunzTarPerm extractEntry lib/network_interface.js
191 silly gunzTarPerm modified mode [ 'lib/network_interface.js', 420, 438 ]
192 silly gunzTarPerm extractEntry lib/resolver_sequence_tasks.js
193 silly gunzTarPerm modified mode [ 'lib/resolver_sequence_tasks.js', 420, 438 ]
194 silly gunzTarPerm extractEntry lib/service_type.js
195 silly gunzTarPerm modified mode [ 'lib/service_type.js', 420, 438 ]
196 silly gunzTarPerm extractEntry out/reports/tests.json
197 silly gunzTarPerm modified mode [ 'out/reports/tests.json', 420, 438 ]
198 silly gunzTarPerm extractEntry src/demangle.cpp
199 silly gunzTarPerm modified mode [ 'src/demangle.cpp', 420, 438 ]
200 silly gunzTarPerm extractEntry src/dns_sd.cpp
201 silly gunzTarPerm modified mode [ 'src/dns_sd.cpp', 420, 438 ]
202 silly gunzTarPerm extractEntry src/dns_service_browse.cpp
203 silly gunzTarPerm modified mode [ 'src/dns_service_browse.cpp', 420, 438 ]
204 silly gunzTarPerm extractEntry src/dns_service_enumerate_domains.cpp
205 silly gunzTarPerm modified mode [ 'src/dns_service_enumerate_domains.cpp', 420, 438 ]
206 silly gunzTarPerm extractEntry src/dns_service_get_addr_info.cpp
207 silly gunzTarPerm modified mode [ 'src/dns_service_get_addr_info.cpp', 420, 438 ]
208 silly gunzTarPerm extractEntry src/dns_service_process_result.cpp
209 silly gunzTarPerm modified mode [ 'src/dns_service_process_result.cpp', 420, 438 ]
210 silly gunzTarPerm extractEntry src/dns_service_ref_deallocate.cpp
211 silly gunzTarPerm modified mode [ 'src/dns_service_ref_deallocate.cpp', 420, 438 ]
212 silly gunzTarPerm extractEntry src/dns_service_ref_sock_fd.cpp
213 silly gunzTarPerm modified mode [ 'src/dns_service_ref_sock_fd.cpp', 420, 438 ]
214 silly gunzTarPerm extractEntry src/dns_service_ref.cpp
215 silly gunzTarPerm modified mode [ 'src/dns_service_ref.cpp', 420, 438 ]
216 silly gunzTarPerm extractEntry src/dns_service_ref.hpp
217 silly gunzTarPerm modified mode [ 'src/dns_service_ref.hpp', 420, 438 ]
218 silly gunzTarPerm extractEntry src/dns_service_register.cpp
219 silly gunzTarPerm modified mode [ 'src/dns_service_register.cpp', 420, 438 ]
220 silly gunzTarPerm extractEntry src/dns_service_resolve.cpp
221 silly gunzTarPerm modified mode [ 'src/dns_service_resolve.cpp', 420, 438 ]
222 silly gunzTarPerm extractEntry src/dns_service_update_record.cpp
223 silly gunzTarPerm modified mode [ 'src/dns_service_update_record.cpp', 420, 438 ]
224 silly gunzTarPerm extractEntry src/mdns_settings.hpp
225 silly gunzTarPerm modified mode [ 'src/mdns_settings.hpp', 420, 438 ]
226 silly gunzTarPerm extractEntry src/mdns_utils.cpp
227 silly gunzTarPerm modified mode [ 'src/mdns_utils.cpp', 420, 438 ]
228 silly gunzTarPerm extractEntry src/mdns_utils.hpp
229 silly gunzTarPerm modified mode [ 'src/mdns_utils.hpp', 420, 438 ]
230 silly gunzTarPerm extractEntry src/mdns.hpp
231 silly gunzTarPerm modified mode [ 'src/mdns.hpp', 420, 438 ]
232 silly gunzTarPerm extractEntry src/network_interface.cpp
233 silly gunzTarPerm modified mode [ 'src/network_interface.cpp', 420, 438 ]
234 silly gunzTarPerm extractEntry src/skeleton.cpp_
235 silly gunzTarPerm modified mode [ 'src/skeleton.cpp_', 420, 438 ]
236 silly gunzTarPerm extractEntry src/socket_watcher.cpp
237 silly gunzTarPerm modified mode [ 'src/socket_watcher.cpp', 420, 438 ]
238 silly gunzTarPerm extractEntry src/socket_watcher.hpp
239 silly gunzTarPerm modified mode [ 'src/socket_watcher.hpp', 420, 438 ]
240 silly gunzTarPerm extractEntry src/txt_record_buffer_to_object.cpp
241 silly gunzTarPerm modified mode [ 'src/txt_record_buffer_to_object.cpp', 420, 438 ]
242 silly gunzTarPerm extractEntry src/txt_record_create.cpp
243 silly gunzTarPerm modified mode [ 'src/txt_record_create.cpp', 420, 438 ]
244 silly gunzTarPerm extractEntry src/txt_record_deallocate.cpp
245 silly gunzTarPerm modified mode [ 'src/txt_record_deallocate.cpp', 420, 438 ]
246 silly gunzTarPerm extractEntry src/txt_record_get_length.cpp
247 silly gunzTarPerm modified mode [ 'src/txt_record_get_length.cpp', 420, 438 ]
248 silly gunzTarPerm extractEntry src/txt_record_ref.cpp
249 silly gunzTarPerm modified mode [ 'src/txt_record_ref.cpp', 420, 438 ]
250 silly gunzTarPerm extractEntry src/txt_record_ref.hpp
251 silly gunzTarPerm modified mode [ 'src/txt_record_ref.hpp', 420, 438 ]
252 silly gunzTarPerm extractEntry src/txt_record_set_value.cpp
253 silly gunzTarPerm modified mode [ 'src/txt_record_set_value.cpp', 420, 438 ]
254 silly gunzTarPerm extractEntry tests/test_browser.js
255 silly gunzTarPerm modified mode [ 'tests/test_browser.js', 420, 438 ]
256 silly gunzTarPerm extractEntry tests/test_dns_sd.js
257 silly gunzTarPerm modified mode [ 'tests/test_dns_sd.js', 493, 511 ]
258 silly gunzTarPerm extractEntry tests/test_functional.js
259 silly gunzTarPerm modified mode [ 'tests/test_functional.js', 493, 511 ]
260 silly gunzTarPerm extractEntry tests/test_mdns_service.js
261 silly gunzTarPerm modified mode [ 'tests/test_mdns_service.js', 420, 438 ]
262 silly gunzTarPerm extractEntry tests/test_network_interface.js
263 silly gunzTarPerm modified mode [ 'tests/test_network_interface.js', 420, 438 ]
264 silly gunzTarPerm extractEntry tests/test_odd_ends.js
265 silly gunzTarPerm modified mode [ 'tests/test_odd_ends.js', 420, 438 ]
266 silly gunzTarPerm extractEntry tests/test_service_type.js
267 silly gunzTarPerm modified mode [ 'tests/test_service_type.js', 420, 438 ]
268 silly gunzTarPerm extractEntry utils/coverage
269 silly gunzTarPerm modified mode [ 'utils/coverage', 493, 511 ]
270 silly gunzTarPerm extractEntry utils/docpack
271 silly gunzTarPerm modified mode [ 'utils/docpack', 493, 511 ]
272 silly gunzTarPerm extractEntry utils/jsf
273 silly gunzTarPerm modified mode [ 'utils/jsf', 493, 511 ]
274 silly gunzTarPerm extractEntry utils/lib/actors.js
275 silly gunzTarPerm modified mode [ 'utils/lib/actors.js', 420, 438 ]
276 silly gunzTarPerm extractEntry utils/lib/bunch.js
277 silly gunzTarPerm modified mode [ 'utils/lib/bunch.js', 420, 438 ]
278 silly gunzTarPerm extractEntry utils/lib/compiler.js
279 silly gunzTarPerm modified mode [ 'utils/lib/compiler.js', 420, 438 ]
280 silly gunzTarPerm extractEntry utils/lib/lcov.js
281 silly gunzTarPerm modified mode [ 'utils/lib/lcov.js', 420, 438 ]
282 silly gunzTarPerm extractEntry utils/lib/mdns_test.js
283 silly gunzTarPerm modified mode [ 'utils/lib/mdns_test.js', 420, 438 ]
284 silly gunzTarPerm extractEntry utils/lib/ncov.js
285 silly gunzTarPerm modified mode [ 'utils/lib/ncov.js', 493, 511 ]
286 silly gunzTarPerm extractEntry utils/lib/obj.js
287 silly gunzTarPerm modified mode [ 'utils/lib/obj.js', 420, 438 ]
288 silly gunzTarPerm extractEntry utils/lib/view.js
289 silly gunzTarPerm modified mode [ 'utils/lib/view.js', 420, 438 ]
290 silly gunzTarPerm extractEntry utils/render_report
291 silly gunzTarPerm modified mode [ 'utils/render_report', 509, 511 ]
292 silly gunzTarPerm extractEntry utils/testrun
293 silly gunzTarPerm modified mode [ 'utils/testrun', 493, 511 ]
294 verbose write writing to W:\test.tadaaam.studio\auto_print\node_modules\mdns\package.json
295 info preinstall mdns@2.7.2
296 verbose readDependencies loading dependencies from W:\test.tadaaam.studio\auto_print\node_modules\mdns\package.json
297 silly prepareForInstallMany adding bindings@~1.2.1 from mdns dependencies
298 silly prepareForInstallMany adding nan@^2.14.0 from mdns dependencies
299 verbose readDependencies loading dependencies from W:\test.tadaaam.studio\auto_print\node_modules\mdns\package.json
300 silly cache add args [ 'bindings@~1.2.1', null ]
301 verbose cache add spec bindings@~1.2.1
302 silly cache add args [ 'nan@^2.14.0', null ]
303 verbose cache add spec nan@^2.14.0
304 silly cache add parsed spec { raw: 'bindings@~1.2.1',
304 silly cache add   scope: null,
304 silly cache add   name: 'bindings',
304 silly cache add   rawSpec: '~1.2.1',
304 silly cache add   spec: '>=1.2.1 <1.3.0',
304 silly cache add   type: 'range' }
305 silly addNamed bindings@>=1.2.1 <1.3.0
306 verbose addNamed ">=1.2.1 <1.3.0" is a valid semver range for bindings
307 silly addNameRange { name: 'bindings', range: '>=1.2.1 <1.3.0', hasData: false }
308 silly mapToRegistry name bindings
309 silly mapToRegistry using default registry
310 silly mapToRegistry registry https://registry.npmjs.org/
311 silly mapToRegistry data { raw: 'bindings',
311 silly mapToRegistry   scope: null,
311 silly mapToRegistry   name: 'bindings',
311 silly mapToRegistry   rawSpec: '',
311 silly mapToRegistry   spec: 'latest',
311 silly mapToRegistry   type: 'tag' }
312 silly mapToRegistry uri https://registry.npmjs.org/bindings
313 verbose addNameRange registry:https://registry.npmjs.org/bindings not in flight; fetching
314 silly cache add parsed spec { raw: 'nan@^2.14.0',
314 silly cache add   scope: null,
314 silly cache add   name: 'nan',
314 silly cache add   rawSpec: '^2.14.0',
314 silly cache add   spec: '>=2.14.0 <3.0.0',
314 silly cache add   type: 'range' }
315 silly addNamed nan@>=2.14.0 <3.0.0
316 verbose addNamed ">=2.14.0 <3.0.0" is a valid semver range for nan
317 silly addNameRange { name: 'nan', range: '>=2.14.0 <3.0.0', hasData: false }
318 silly mapToRegistry name nan
319 silly mapToRegistry using default registry
320 silly mapToRegistry registry https://registry.npmjs.org/
321 silly mapToRegistry data { raw: 'nan',
321 silly mapToRegistry   scope: null,
321 silly mapToRegistry   name: 'nan',
321 silly mapToRegistry   rawSpec: '',
321 silly mapToRegistry   spec: 'latest',
321 silly mapToRegistry   type: 'tag' }
322 silly mapToRegistry uri https://registry.npmjs.org/nan
323 verbose addNameRange registry:https://registry.npmjs.org/nan not in flight; fetching
324 verbose request uri https://registry.npmjs.org/bindings
325 verbose request no auth needed
326 info attempt registry request try #1 at 17:39:02
327 http request GET https://registry.npmjs.org/bindings
328 verbose request uri https://registry.npmjs.org/nan
329 verbose request no auth needed
330 info attempt registry request try #1 at 17:39:02
331 http request GET https://registry.npmjs.org/nan
332 http 200 https://registry.npmjs.org/bindings
333 verbose headers { date: 'Mon, 10 Jul 2023 15:39:02 GMT',
333 verbose headers   'content-type': 'application/json',
333 verbose headers   'transfer-encoding': 'chunked',
333 verbose headers   connection: 'keep-alive',
333 verbose headers   'cf-ray': '7e49e5ace8912a08-CDG',
333 verbose headers   'cf-cache-status': 'HIT',
333 verbose headers   'access-control-allow-origin': '*',
333 verbose headers   age: '114',
333 verbose headers   'cache-control': 'public, max-age=300',
333 verbose headers   etag: 'W/"ee1a93049d740ea937c2868227bdf6cd"',
333 verbose headers   'last-modified': 'Mon, 13 Jun 2022 04:38:54 GMT',
333 verbose headers   vary: 'accept-encoding, accept',
333 verbose headers   'x-amz-replication-status': 'COMPLETED',
333 verbose headers   server: 'cloudflare',
333 verbose headers   'content-encoding': 'gzip' }
334 silly get cb [ 200,
334 silly get   { date: 'Mon, 10 Jul 2023 15:39:02 GMT',
334 silly get     'content-type': 'application/json',
334 silly get     'transfer-encoding': 'chunked',
334 silly get     connection: 'keep-alive',
334 silly get     'cf-ray': '7e49e5ace8912a08-CDG',
334 silly get     'cf-cache-status': 'HIT',
334 silly get     'access-control-allow-origin': '*',
334 silly get     age: '114',
334 silly get     'cache-control': 'public, max-age=300',
334 silly get     etag: 'W/"ee1a93049d740ea937c2868227bdf6cd"',
334 silly get     'last-modified': 'Mon, 13 Jun 2022 04:38:54 GMT',
334 silly get     vary: 'accept-encoding, accept',
334 silly get     'x-amz-replication-status': 'COMPLETED',
334 silly get     server: 'cloudflare',
334 silly get     'content-encoding': 'gzip' } ]
335 verbose get saving bindings to C:\Users\Louis\AppData\Roaming\npm-cache\registry.npmjs.org\bindings\.cache.json
336 verbose correctMkdir C:\Users\Louis\AppData\Roaming\npm-cache correctMkdir not in flight; initializing
337 silly addNameRange number 2 { name: 'bindings', range: '>=1.2.1 <1.3.0', hasData: true }
338 silly addNameRange versions [ 'bindings',
338 silly addNameRange   [ '0.0.1',
338 silly addNameRange     '0.1.0',
338 silly addNameRange     '0.1.1',
338 silly addNameRange     '0.2.0',
338 silly addNameRange     '0.2.1',
338 silly addNameRange     '0.2.2',
338 silly addNameRange     '0.2.3',
338 silly addNameRange     '0.2.4',
338 silly addNameRange     '0.3.0',
338 silly addNameRange     '0.4.0',
338 silly addNameRange     '1.0.0',
338 silly addNameRange     '1.1.0',
338 silly addNameRange     '1.1.1',
338 silly addNameRange     '1.2.0',
338 silly addNameRange     '1.2.1',
338 silly addNameRange     '1.3.0',
338 silly addNameRange     '1.3.1',
338 silly addNameRange     '1.4.0',
338 silly addNameRange     '1.5.0' ] ]
339 silly addNamed bindings@1.2.1
340 verbose addNamed "1.2.1" is a plain semver version for bindings
341 silly mapToRegistry name bindings
342 silly mapToRegistry using default registry
343 silly mapToRegistry registry https://registry.npmjs.org/
344 silly mapToRegistry data { raw: 'bindings',
344 silly mapToRegistry   scope: null,
344 silly mapToRegistry   name: 'bindings',
344 silly mapToRegistry   rawSpec: '',
344 silly mapToRegistry   spec: 'latest',
344 silly mapToRegistry   type: 'tag' }
345 silly mapToRegistry uri https://registry.npmjs.org/bindings
346 verbose addRemoteTarball https://registry.npmjs.org/bindings/-/bindings-1.2.1.tgz not in flight; adding
347 verbose addRemoteTarball [ 'https://registry.npmjs.org/bindings/-/bindings-1.2.1.tgz',
347 verbose addRemoteTarball   '14ad6113812d2d37d72e67b4cacb4bb726505f11' ]
348 info retry fetch attempt 1 at 17:39:02
349 info attempt registry request try #1 at 17:39:02
350 http fetch GET https://registry.npmjs.org/bindings/-/bindings-1.2.1.tgz
351 http 200 https://registry.npmjs.org/nan
352 verbose headers { date: 'Mon, 10 Jul 2023 15:39:02 GMT',
352 verbose headers   'content-type': 'application/json',
352 verbose headers   'transfer-encoding': 'chunked',
352 verbose headers   connection: 'keep-alive',
352 verbose headers   'cf-ray': '7e49e5ace965034c-CDG',
352 verbose headers   'cf-cache-status': 'HIT',
352 verbose headers   'access-control-allow-origin': '*',
352 verbose headers   age: '286',
352 verbose headers   'cache-control': 'public, max-age=300',
352 verbose headers   etag: 'W/"f95a4cb1d456d5ba5870dbed9c206075"',
352 verbose headers   'last-modified': 'Sat, 24 Jun 2023 02:17:48 GMT',
352 verbose headers   vary: 'accept-encoding, accept',
352 verbose headers   'x-amz-replication-status': 'FAILED',
352 verbose headers   'x-amz-server-side-encryption': 'AES256',
352 verbose headers   server: 'cloudflare',
352 verbose headers   'content-encoding': 'gzip' }
353 silly get cb [ 200,
353 silly get   { date: 'Mon, 10 Jul 2023 15:39:02 GMT',
353 silly get     'content-type': 'application/json',
353 silly get     'transfer-encoding': 'chunked',
353 silly get     connection: 'keep-alive',
353 silly get     'cf-ray': '7e49e5ace965034c-CDG',
353 silly get     'cf-cache-status': 'HIT',
353 silly get     'access-control-allow-origin': '*',
353 silly get     age: '286',
353 silly get     'cache-control': 'public, max-age=300',
353 silly get     etag: 'W/"f95a4cb1d456d5ba5870dbed9c206075"',
353 silly get     'last-modified': 'Sat, 24 Jun 2023 02:17:48 GMT',
353 silly get     vary: 'accept-encoding, accept',
353 silly get     'x-amz-replication-status': 'FAILED',
353 silly get     'x-amz-server-side-encryption': 'AES256',
353 silly get     server: 'cloudflare',
353 silly get     'content-encoding': 'gzip' } ]
354 verbose get saving nan to C:\Users\Louis\AppData\Roaming\npm-cache\registry.npmjs.org\nan\.cache.json
355 verbose correctMkdir C:\Users\Louis\AppData\Roaming\npm-cache correctMkdir not in flight; initializing
356 silly addNameRange number 2 { name: 'nan', range: '>=2.14.0 <3.0.0', hasData: true }
357 silly addNameRange versions [ 'nan',
357 silly addNameRange   [ '0.3.0-wip',
357 silly addNameRange     '0.3.0-wip2',
357 silly addNameRange     '0.3.0',
357 silly addNameRange     '0.3.1',
357 silly addNameRange     '0.3.2',
357 silly addNameRange     '0.4.0',
357 silly addNameRange     '0.4.1',
357 silly addNameRange     '0.4.2',
357 silly addNameRange     '0.4.3',
357 silly addNameRange     '0.4.4',
357 silly addNameRange     '0.5.0',
357 silly addNameRange     '0.5.1',
357 silly addNameRange     '0.5.2',
357 silly addNameRange     '0.6.0',
357 silly addNameRange     '0.7.0',
357 silly addNameRange     '0.7.1',
357 silly addNameRange     '0.8.0',
357 silly addNameRange     '1.0.0',
357 silly addNameRange     '1.1.0',
357 silly addNameRange     '1.1.1',
357 silly addNameRange     '1.1.2',
357 silly addNameRange     '1.2.0',
357 silly addNameRange     '1.3.0',
357 silly addNameRange     '1.4.0',
357 silly addNameRange     '1.4.1',
357 silly addNameRange     '1.5.0',
357 silly addNameRange     '1.4.2',
357 silly addNameRange     '1.4.3',
357 silly addNameRange     '1.5.1',
357 silly addNameRange     '1.5.2',
357 silly addNameRange     '1.6.0',
357 silly addNameRange     '1.5.3',
357 silly addNameRange     '1.6.1',
357 silly addNameRange     '1.6.2',
357 silly addNameRange     '1.7.0',
357 silly addNameRange     '1.8.0',
357 silly addNameRange     '1.8.1',
357 silly addNameRange     '1.8.2',
357 silly addNameRange     '1.8.3',
357 silly addNameRange     '1.8.4',
357 silly addNameRange     '1.9.0',
357 silly addNameRange     '2.0.0',
357 silly addNameRange     '2.0.1',
357 silly addNameRange     '2.0.2',
357 silly addNameRange     '2.0.3',
357 silly addNameRange     '2.0.4',
357 silly addNameRange     '2.0.5',
357 silly addNameRange     '2.0.6',
357 silly addNameRange     '2.0.7',
357 silly addNameRange     '2.0.8',
357 silly addNameRange     '2.0.9',
357 silly addNameRange     '2.1.0',
357 silly addNameRange     '2.2.0',
357 silly addNameRange     '2.2.1',
357 silly addNameRange     '2.3.0',
357 silly addNameRange     '2.3.1',
357 silly addNameRange     '2.3.2',
357 silly addNameRange     '2.3.3',
357 silly addNameRange     '2.3.4',
357 silly addNameRange     '2.3.5',
357 silly addNameRange     '2.4.0',
357 silly addNameRange     '2.5.0',
357 silly addNameRange     '2.5.1',
357 silly addNameRange     '2.6.0',
357 silly addNameRange     '2.6.1',
357 silly addNameRange     '2.6.2',
357 silly addNameRange     '2.7.0',
357 silly addNameRange     '2.8.0',
357 silly addNameRange     '2.9.1',
357 silly addNameRange     '2.9.2',
357 silly addNameRange     '2.10.0',
357 silly addNameRange     '2.11.0',
357 silly addNameRange     '2.11.1',
357 silly addNameRange     '2.12.0',
357 silly addNameRange     '2.12.1',
357 silly addNameRange     '2.13.0',
357 silly addNameRange     '2.13.1',
357 silly addNameRange     '2.13.2',
357 silly addNameRange     '2.14.0',
357 silly addNameRange     '2.14.1',
357 silly addNameRange     '2.14.2',
357 silly addNameRange     '2.15.0',
357 silly addNameRange     '2.16.0',
357 silly addNameRange     '2.17.0' ] ]
358 silly addNamed nan@2.17.0
359 verbose addNamed "2.17.0" is a plain semver version for nan
360 silly mapToRegistry name nan
361 silly mapToRegistry using default registry
362 silly mapToRegistry registry https://registry.npmjs.org/
363 silly mapToRegistry data { raw: 'nan',
363 silly mapToRegistry   scope: null,
363 silly mapToRegistry   name: 'nan',
363 silly mapToRegistry   rawSpec: '',
363 silly mapToRegistry   spec: 'latest',
363 silly mapToRegistry   type: 'tag' }
364 silly mapToRegistry uri https://registry.npmjs.org/nan
365 verbose addRemoteTarball https://registry.npmjs.org/nan/-/nan-2.17.0.tgz not in flight; adding
366 verbose addRemoteTarball [ 'https://registry.npmjs.org/nan/-/nan-2.17.0.tgz',
366 verbose addRemoteTarball   'c0150a2368a182f033e9aa5195ec76ea41a199cb' ]
367 info retry fetch attempt 1 at 17:39:02
368 info attempt registry request try #1 at 17:39:02
369 http fetch GET https://registry.npmjs.org/nan/-/nan-2.17.0.tgz
370 http fetch 200 https://registry.npmjs.org/bindings/-/bindings-1.2.1.tgz
371 silly fetchAndShaCheck shasum 14ad6113812d2d37d72e67b4cacb4bb726505f11
372 verbose addTmpTarball C:\Users\Louis\AppData\Local\Temp\npm-20660-596d2180\registry.npmjs.org\bindings\-\bindings-1.2.1.tgz not in flight; adding
373 verbose addTmpTarball already have metadata; skipping unpack for bindings@1.2.1
374 verbose correctMkdir C:\Users\Louis\AppData\Roaming\npm-cache correctMkdir not in flight; initializing
375 silly cache afterAdd bindings@1.2.1
376 verbose afterAdd C:\Users\Louis\AppData\Roaming\npm-cache\bindings\1.2.1\package\package.json not in flight; writing
377 verbose correctMkdir C:\Users\Louis\AppData\Roaming\npm-cache correctMkdir not in flight; initializing
378 verbose afterAdd C:\Users\Louis\AppData\Roaming\npm-cache\bindings\1.2.1\package\package.json written
379 http fetch 200 https://registry.npmjs.org/nan/-/nan-2.17.0.tgz
380 silly fetchAndShaCheck shasum c0150a2368a182f033e9aa5195ec76ea41a199cb
381 verbose addTmpTarball C:\Users\Louis\AppData\Local\Temp\npm-20660-596d2180\registry.npmjs.org\nan\-\nan-2.17.0.tgz not in flight; adding
382 verbose addTmpTarball already have metadata; skipping unpack for nan@2.17.0
383 verbose correctMkdir C:\Users\Louis\AppData\Roaming\npm-cache correctMkdir not in flight; initializing
384 silly cache afterAdd nan@2.17.0
385 verbose afterAdd C:\Users\Louis\AppData\Roaming\npm-cache\nan\2.17.0\package\package.json not in flight; writing
386 verbose correctMkdir C:\Users\Louis\AppData\Roaming\npm-cache correctMkdir not in flight; initializing
387 verbose afterAdd C:\Users\Louis\AppData\Roaming\npm-cache\nan\2.17.0\package\package.json written
388 silly install resolved [ { name: 'bindings',
388 silly install resolved     description: 'Helper module for loading your native module\'s .node file',
388 silly install resolved     keywords: [ 'native', 'addon', 'bindings', 'gyp', 'waf', 'c', 'c++' ],
388 silly install resolved     version: '1.2.1',
388 silly install resolved     author:
388 silly install resolved      { name: 'Nathan Rajlich',
388 silly install resolved        email: 'nathan@tootallnate.net',
388 silly install resolved        url: 'http://tootallnate.net' },
388 silly install resolved     repository:
388 silly install resolved      { type: 'git',
388 silly install resolved        url: 'git://github.com/TooTallNate/node-bindings.git' },
388 silly install resolved     main: './bindings.js',
388 silly install resolved     bugs: { url: 'https://github.com/TooTallNate/node-bindings/issues' },
388 silly install resolved     homepage: 'https://github.com/TooTallNate/node-bindings',
388 silly install resolved     license: 'MIT',
388 silly install resolved     gitHead: 'e404152ee27f8478ccbc7122ee051246e8e5ec02',
388 silly install resolved     _id: 'bindings@1.2.1',
388 silly install resolved     scripts: {},
388 silly install resolved     _shasum: '14ad6113812d2d37d72e67b4cacb4bb726505f11',
388 silly install resolved     _from: 'bindings@>=1.2.1 <1.3.0',
388 silly install resolved     _npmVersion: '1.4.14',
388 silly install resolved     _npmUser: { name: 'tootallnate', email: 'nathan@tootallnate.net' },
388 silly install resolved     maintainers: [ [Object], [Object] ],
388 silly install resolved     dist:
388 silly install resolved      { shasum: '14ad6113812d2d37d72e67b4cacb4bb726505f11',
388 silly install resolved        tarball: 'https://registry.npmjs.org/bindings/-/bindings-1.2.1.tgz',
388 silly install resolved        integrity: 'sha512-u4cBQNepWxYA55FunZSM7wMi55yQaN0otnhhilNoWHq0MfOfJeQx0v0mRRpolGOExPjZcl6FtB0BB8Xkb88F0g==',
388 silly install resolved        signatures: [Object] },
388 silly install resolved     directories: {},
388 silly install resolved     _resolved: 'https://registry.npmjs.org/bindings/-/bindings-1.2.1.tgz' },
388 silly install resolved   { name: 'nan',
388 silly install resolved     version: '2.17.0',
388 silly install resolved     description: 'Native Abstractions for Node.js: C++ header for Node 0.8 -> 18 compatibility',
388 silly install resolved     main: 'include_dirs.js',
388 silly install resolved     repository: { type: 'git', url: 'git://github.com/nodejs/nan.git' },
388 silly install resolved     scripts:
388 silly install resolved      { test: 'tap --gc --stderr test/js/*-test.js',
388 silly install resolved        'test:worker': 'node --experimental-worker test/tap-as-worker.js --gc --stderr test/js/*-test.js',
388 silly install resolved        'rebuild-tests': 'node-gyp rebuild --msvs_version=2015 --directory test',
388 silly install resolved        docs: 'doc/.build.sh' },
388 silly install resolved     contributors:
388 silly install resolved      [ [Object],
388 silly install resolved        [Object],
388 silly install resolved        [Object],
388 silly install resolved        [Object],
388 silly install resolved        [Object],
388 silly install resolved        [Object],
388 silly install resolved        [Object],
388 silly install resolved        [Object] ],
388 silly install resolved     devDependencies:
388 silly install resolved      { bindings: '~1.2.1',
388 silly install resolved        commander: '^2.8.1',
388 silly install resolved        glob: '^5.0.14',
388 silly install resolved        request: '=2.81.0',
388 silly install resolved        'node-gyp': '~8.4.1',
388 silly install resolved        'readable-stream': '^2.1.4',
388 silly install resolved        tap: '~0.7.1',
388 silly install resolved        xtend: '~4.0.0' },
388 silly install resolved     license: 'MIT',
388 silly install resolved     bugs: { url: 'https://github.com/nodejs/nan/issues' },
388 silly install resolved     homepage: 'https://github.com/nodejs/nan#readme',
388 silly install resolved     _id: 'nan@2.17.0',
388 silly install resolved     _integrity: 'sha512-2ZTgtl0nJsO0KQCjEpxcIr5D+Yv90plTitZt9JBfQvVJDS5seMl3FOvsh3+9CoYWXf/1l5OaZzzF6nDm4cagaQ==',
388 silly install resolved     _resolved: 'https://registry.npmjs.org/nan/-/nan-2.17.0.tgz',
388 silly install resolved     _from: 'nan@>=2.14.0 <3.0.0',
388 silly install resolved     _nodeVersion: '18.10.0',
388 silly install resolved     _npmVersion: '8.19.2',
388 silly install resolved     dist:
388 silly install resolved      { integrity: 'sha512-2ZTgtl0nJsO0KQCjEpxcIr5D+Yv90plTitZt9JBfQvVJDS5seMl3FOvsh3+9CoYWXf/1l5OaZzzF6nDm4cagaQ==',
388 silly install resolved        shasum: 'c0150a2368a182f033e9aa5195ec76ea41a199cb',
388 silly install resolved        tarball: 'https://registry.npmjs.org/nan/-/nan-2.17.0.tgz',
388 silly install resolved        fileCount: 47,
388 silly install resolved        unpackedSize: 423681,
388 silly install resolved        signatures: [Object],
388 silly install resolved        'npm-signature': '-----BEGIN PGP SIGNATURE-----\r\nVersion: OpenPGP.js v4.10.10\r\nComment: https://openpgpjs.org\r\n\r\nwsFzBAEBCAAGBQJjRG0dACEJED1NWxICdlZqFiEECWMYAoorWMhJKdjhPU1b\r\nEgJ2VmqHTg/9Hos40C/iVx+AltNrRoB+BEosgSbP1NKSz/5Zd7yGoFm5piw7\r\n1iVhiWPfr4dmMBYk0WTz2O8EkMEb3NFvHiXgUxbw5gVttmJv8dtK4KLWvDpJ\r\ndB+OkWgSZzPV4hwvcsUvNS+cM0PlJVtEZaUs1qaw1cR3q8F3zksvj549sHON\r\nyXtMl6b/2BMeAvOtDtQk1PlV38zccTEU2o7OQ4jsrKM2FlJsEWBu7h3uCt/V\r\n6VHo2S+AszuXbgpmSAS9uwPHLuuwQ9Cw+GwpaYAZUPasKnl+t+OOWN6jeyOh\r\n2pcu6uAFI8geIqs9cwmrt6zYeJGYkBXoNWd6DEeIMrPiYcEXN7IaAyEiGKia\r\n3leVyvr8cST/41BmngDiE4bJW8gNclHpQJ5VFnnnu4RlxXlv8GtAR9wa3/b7\r\nicp4MzXzu3MxoFZ4NXjAXuur8bvT7KhlO/gS3jw2BrZgSanQdLo1LOhXcQlV\r\nNpFO0K6BjIGBOAQwy5ZNqzatTAHKaV5fMxRROvaU3il6Y6DbNI/FrrivEP2H\r\nLGq0QwoLMjuRRVyA+00M6083YC6tZrkCmcOadqG1fRyxccQzmNtAkYZBl27e\r\n2b2HaWM0bZRzsByimMA/kdHLVXMIlzh5jlSrbsM0EdCGMtIl683O+YJUrBmP\r\nYGrDYiCCXGcbUaorJFlpgy3WsyW5mG4VHaI=\r\n=J6PH\r\n-----END PGP SIGNATURE-----\r\n' },
388 silly install resolved     _npmUser: { name: 'kkoopa', email: 'bbyholm@abo.fi' },
388 silly install resolved     directories: {},
388 silly install resolved     maintainers: [ [Object], [Object] ],
388 silly install resolved     _npmOperationalInternal:
388 silly install resolved      { host: 's3://npm-registry-packages',
388 silly install resolved        tmp: 'tmp/nan_2.17.0_1665428765125_0.7014403304923522' },
388 silly install resolved     _hasShrinkwrap: false,
388 silly install resolved     _shasum: 'c0150a2368a182f033e9aa5195ec76ea41a199cb' } ]
389 info install bindings@1.2.1 into W:\test.tadaaam.studio\auto_print\node_modules\mdns
390 info install nan@2.17.0 into W:\test.tadaaam.studio\auto_print\node_modules\mdns
391 info installOne bindings@1.2.1
392 verbose installOne of bindings to W:\test.tadaaam.studio\auto_print\node_modules\mdns not in flight; installing
393 verbose correctMkdir C:\Users\Louis\AppData\Roaming\npm-cache\_locks correctMkdir not in flight; initializing
394 info installOne nan@2.17.0
395 verbose installOne of nan to W:\test.tadaaam.studio\auto_print\node_modules\mdns not in flight; installing
396 verbose correctMkdir C:\Users\Louis\AppData\Roaming\npm-cache\_locks correctMkdir not in flight; initializing
397 verbose lock using C:\Users\Louis\AppData\Roaming\npm-cache\_locks\bindings-3274c7ad7df23cfb.lock for W:\test.tadaaam.studio\auto_print\node_modules\mdns\node_modules\bindings
398 verbose lock using C:\Users\Louis\AppData\Roaming\npm-cache\_locks\nan-4732f0771e268c85.lock for W:\test.tadaaam.studio\auto_print\node_modules\mdns\node_modules\nan
399 silly install write writing bindings 1.2.1 to W:\test.tadaaam.studio\auto_print\node_modules\mdns\node_modules\bindings
400 silly install write writing nan 2.17.0 to W:\test.tadaaam.studio\auto_print\node_modules\mdns\node_modules\nan
401 verbose unbuild node_modules\mdns\node_modules\bindings
402 silly gentlyRm W:\test.tadaaam.studio\auto_print\node_modules\mdns\node_modules\bindings is being purged from base W:\test.tadaaam.studio\auto_print
403 verbose gentlyRm don't care about contents; nuking W:\test.tadaaam.studio\auto_print\node_modules\mdns\node_modules\bindings
404 verbose tar unpack C:\Users\Louis\AppData\Roaming\npm-cache\bindings\1.2.1\package.tgz
405 verbose tar unpacking to W:\test.tadaaam.studio\auto_print\node_modules\mdns\node_modules\bindings
406 silly gentlyRm W:\test.tadaaam.studio\auto_print\node_modules\mdns\node_modules\bindings is being purged
407 verbose gentlyRm don't care about contents; nuking W:\test.tadaaam.studio\auto_print\node_modules\mdns\node_modules\bindings
408 verbose unbuild node_modules\mdns\node_modules\nan
409 silly gunzTarPerm modes [ '777', '666' ]
410 silly gentlyRm W:\test.tadaaam.studio\auto_print\node_modules\mdns\node_modules\nan is being purged from base W:\test.tadaaam.studio\auto_print
411 verbose gentlyRm don't care about contents; nuking W:\test.tadaaam.studio\auto_print\node_modules\mdns\node_modules\nan
412 verbose tar unpack C:\Users\Louis\AppData\Roaming\npm-cache\nan\2.17.0\package.tgz
413 verbose tar unpacking to W:\test.tadaaam.studio\auto_print\node_modules\mdns\node_modules\nan
414 silly gentlyRm W:\test.tadaaam.studio\auto_print\node_modules\mdns\node_modules\nan is being purged
415 verbose gentlyRm don't care about contents; nuking W:\test.tadaaam.studio\auto_print\node_modules\mdns\node_modules\nan
416 silly gunzTarPerm extractEntry package.json
417 silly gunzTarPerm modified mode [ 'package.json', 420, 438 ]
418 silly gunzTarPerm modes [ '777', '666' ]
419 silly gunzTarPerm extractEntry README.md
420 silly gunzTarPerm modified mode [ 'README.md', 420, 438 ]
421 silly gunzTarPerm extractEntry bindings.js
422 silly gunzTarPerm modified mode [ 'bindings.js', 420, 438 ]
423 silly gunzTarPerm extractEntry nan_callbacks_12_inl.h
424 silly gunzTarPerm modified mode [ 'nan_callbacks_12_inl.h', 420, 438 ]
425 silly gunzTarPerm extractEntry nan_callbacks_pre_12_inl.h
426 silly gunzTarPerm modified mode [ 'nan_callbacks_pre_12_inl.h', 420, 438 ]
427 silly gunzTarPerm extractEntry nan_callbacks.h
428 silly gunzTarPerm modified mode [ 'nan_callbacks.h', 420, 438 ]
429 silly gunzTarPerm extractEntry nan_converters_43_inl.h
430 silly gunzTarPerm modified mode [ 'nan_converters_43_inl.h', 420, 438 ]
431 silly gunzTarPerm extractEntry nan_converters_pre_43_inl.h
432 silly gunzTarPerm modified mode [ 'nan_converters_pre_43_inl.h', 420, 438 ]
433 verbose write writing to W:\test.tadaaam.studio\auto_print\node_modules\mdns\node_modules\bindings\package.json
434 silly gunzTarPerm extractEntry nan_converters.h
435 silly gunzTarPerm modified mode [ 'nan_converters.h', 420, 438 ]
436 silly gunzTarPerm extractEntry nan_define_own_property_helper.h
437 silly gunzTarPerm modified mode [ 'nan_define_own_property_helper.h', 420, 438 ]
438 info preinstall bindings@1.2.1
439 verbose readDependencies loading dependencies from W:\test.tadaaam.studio\auto_print\node_modules\mdns\node_modules\bindings\package.json
440 silly gunzTarPerm extractEntry nan_implementation_12_inl.h
441 silly gunzTarPerm modified mode [ 'nan_implementation_12_inl.h', 420, 438 ]
442 silly gunzTarPerm extractEntry nan_implementation_pre_12_inl.h
443 silly gunzTarPerm modified mode [ 'nan_implementation_pre_12_inl.h', 420, 438 ]
444 verbose readDependencies loading dependencies from W:\test.tadaaam.studio\auto_print\node_modules\mdns\node_modules\bindings\package.json
445 silly install resolved []
446 verbose about to build W:\test.tadaaam.studio\auto_print\node_modules\mdns\node_modules\bindings
447 info build W:\test.tadaaam.studio\auto_print\node_modules\mdns\node_modules\bindings
448 info linkStuff bindings@1.2.1
449 silly linkStuff bindings@1.2.1 has W:\test.tadaaam.studio\auto_print\node_modules\mdns\node_modules as its parent node_modules
450 verbose linkBins bindings@1.2.1
451 verbose linkMans bindings@1.2.1
452 verbose rebuildBundles bindings@1.2.1
453 info install bindings@1.2.1
454 info postinstall bindings@1.2.1
455 verbose unlock done using C:\Users\Louis\AppData\Roaming\npm-cache\_locks\bindings-3274c7ad7df23cfb.lock for W:\test.tadaaam.studio\auto_print\node_modules\mdns\node_modules\bindings
456 silly gunzTarPerm extractEntry nan_json.h
457 silly gunzTarPerm modified mode [ 'nan_json.h', 420, 438 ]
458 silly gunzTarPerm extractEntry nan_maybe_43_inl.h
459 silly gunzTarPerm modified mode [ 'nan_maybe_43_inl.h', 420, 438 ]
460 silly gunzTarPerm extractEntry nan_maybe_pre_43_inl.h
461 silly gunzTarPerm modified mode [ 'nan_maybe_pre_43_inl.h', 420, 438 ]
462 silly gunzTarPerm extractEntry nan_new.h
463 silly gunzTarPerm modified mode [ 'nan_new.h', 420, 438 ]
464 silly gunzTarPerm extractEntry nan_object_wrap.h
465 silly gunzTarPerm modified mode [ 'nan_object_wrap.h', 420, 438 ]
466 silly gunzTarPerm extractEntry nan_persistent_12_inl.h
467 silly gunzTarPerm modified mode [ 'nan_persistent_12_inl.h', 420, 438 ]
468 silly gunzTarPerm extractEntry nan_persistent_pre_12_inl.h
469 silly gunzTarPerm modified mode [ 'nan_persistent_pre_12_inl.h', 420, 438 ]
470 silly gunzTarPerm extractEntry nan_private.h
471 silly gunzTarPerm modified mode [ 'nan_private.h', 420, 438 ]
472 silly gunzTarPerm extractEntry nan_scriptorigin.h
473 silly gunzTarPerm modified mode [ 'nan_scriptorigin.h', 420, 438 ]
474 silly gunzTarPerm extractEntry nan_string_bytes.h
475 silly gunzTarPerm modified mode [ 'nan_string_bytes.h', 420, 438 ]
476 silly gunzTarPerm extractEntry nan_typedarray_contents.h
477 silly gunzTarPerm modified mode [ 'nan_typedarray_contents.h', 420, 438 ]
478 silly gunzTarPerm extractEntry nan_weak.h
479 silly gunzTarPerm modified mode [ 'nan_weak.h', 420, 438 ]
480 silly gunzTarPerm extractEntry nan.h
481 silly gunzTarPerm modified mode [ 'nan.h', 420, 438 ]
482 silly gunzTarPerm extractEntry tools/1to2.js
483 silly gunzTarPerm modified mode [ 'tools/1to2.js', 493, 511 ]
484 silly gunzTarPerm extractEntry include_dirs.js
485 silly gunzTarPerm modified mode [ 'include_dirs.js', 420, 438 ]
486 silly gunzTarPerm extractEntry package.json
487 silly gunzTarPerm modified mode [ 'package.json', 420, 438 ]
488 silly gunzTarPerm extractEntry tools/package.json
489 silly gunzTarPerm modified mode [ 'tools/package.json', 420, 438 ]
490 silly gunzTarPerm extractEntry doc/asyncworker.md
491 silly gunzTarPerm modified mode [ 'doc/asyncworker.md', 420, 438 ]
492 silly gunzTarPerm extractEntry doc/buffers.md
493 silly gunzTarPerm modified mode [ 'doc/buffers.md', 420, 438 ]
494 silly gunzTarPerm extractEntry doc/callback.md
495 silly gunzTarPerm modified mode [ 'doc/callback.md', 420, 438 ]
496 silly gunzTarPerm extractEntry CHANGELOG.md
497 silly gunzTarPerm modified mode [ 'CHANGELOG.md', 420, 438 ]
498 silly gunzTarPerm extractEntry doc/converters.md
499 silly gunzTarPerm modified mode [ 'doc/converters.md', 420, 438 ]
500 silly gunzTarPerm extractEntry doc/errors.md
501 silly gunzTarPerm modified mode [ 'doc/errors.md', 420, 438 ]
502 silly gunzTarPerm extractEntry doc/json.md
503 silly gunzTarPerm modified mode [ 'doc/json.md', 420, 438 ]
504 silly gunzTarPerm extractEntry LICENSE.md
505 silly gunzTarPerm modified mode [ 'LICENSE.md', 420, 438 ]
506 silly gunzTarPerm extractEntry doc/maybe_types.md
507 silly gunzTarPerm modified mode [ 'doc/maybe_types.md', 420, 438 ]
508 silly gunzTarPerm extractEntry doc/methods.md
509 silly gunzTarPerm modified mode [ 'doc/methods.md', 420, 438 ]
510 silly gunzTarPerm extractEntry doc/new.md
511 silly gunzTarPerm modified mode [ 'doc/new.md', 420, 438 ]
512 silly gunzTarPerm extractEntry doc/node_misc.md
513 silly gunzTarPerm modified mode [ 'doc/node_misc.md', 420, 438 ]
514 silly gunzTarPerm extractEntry doc/object_wrappers.md
515 silly gunzTarPerm modified mode [ 'doc/object_wrappers.md', 420, 438 ]
516 silly gunzTarPerm extractEntry doc/persistent.md
517 silly gunzTarPerm modified mode [ 'doc/persistent.md', 420, 438 ]
518 silly gunzTarPerm extractEntry README.md
519 silly gunzTarPerm modified mode [ 'README.md', 420, 438 ]
520 silly gunzTarPerm extractEntry tools/README.md
521 silly gunzTarPerm modified mode [ 'tools/README.md', 420, 438 ]
522 silly gunzTarPerm extractEntry doc/scopes.md
523 silly gunzTarPerm modified mode [ 'doc/scopes.md', 420, 438 ]
524 silly gunzTarPerm extractEntry doc/script.md
525 silly gunzTarPerm modified mode [ 'doc/script.md', 420, 438 ]
526 silly gunzTarPerm extractEntry doc/string_bytes.md
527 silly gunzTarPerm modified mode [ 'doc/string_bytes.md', 420, 438 ]
528 silly gunzTarPerm extractEntry doc/v8_internals.md
529 silly gunzTarPerm modified mode [ 'doc/v8_internals.md', 420, 438 ]
530 silly gunzTarPerm extractEntry doc/v8_misc.md
531 silly gunzTarPerm modified mode [ 'doc/v8_misc.md', 420, 438 ]
532 verbose write writing to W:\test.tadaaam.studio\auto_print\node_modules\mdns\node_modules\nan\package.json
533 info preinstall nan@2.17.0
534 verbose readDependencies loading dependencies from W:\test.tadaaam.studio\auto_print\node_modules\mdns\node_modules\nan\package.json
535 verbose readDependencies loading dependencies from W:\test.tadaaam.studio\auto_print\node_modules\mdns\node_modules\nan\package.json
536 silly install resolved []
537 verbose about to build W:\test.tadaaam.studio\auto_print\node_modules\mdns\node_modules\nan
538 info build W:\test.tadaaam.studio\auto_print\node_modules\mdns\node_modules\nan
539 info linkStuff nan@2.17.0
540 silly linkStuff nan@2.17.0 has W:\test.tadaaam.studio\auto_print\node_modules\mdns\node_modules as its parent node_modules
541 verbose linkBins nan@2.17.0
542 verbose linkMans nan@2.17.0
543 verbose rebuildBundles nan@2.17.0
544 info install nan@2.17.0
545 info postinstall nan@2.17.0
546 verbose unlock done using C:\Users\Louis\AppData\Roaming\npm-cache\_locks\nan-4732f0771e268c85.lock for W:\test.tadaaam.studio\auto_print\node_modules\mdns\node_modules\nan
547 verbose about to build W:\test.tadaaam.studio\auto_print\node_modules\mdns
548 info build W:\test.tadaaam.studio\auto_print\node_modules\mdns
549 info linkStuff mdns@2.7.2
550 silly linkStuff mdns@2.7.2 has W:\test.tadaaam.studio\auto_print\node_modules as its parent node_modules
551 verbose linkBins mdns@2.7.2
552 verbose linkMans mdns@2.7.2
553 verbose rebuildBundles mdns@2.7.2
554 verbose rebuildBundles [ 'bindings', 'nan' ]
555 info install mdns@2.7.2
556 verbose unsafe-perm in lifecycle true
557 info mdns@2.7.2 Failed to exec install script
558 verbose unlock done using C:\Users\Louis\AppData\Roaming\npm-cache\_locks\mdns-02b5f38b15c6b375.lock for W:\test.tadaaam.studio\auto_print\node_modules\mdns
559 verbose stack Error: mdns@2.7.2 install: `node-gyp rebuild`
559 verbose stack Exit status 1
559 verbose stack     at EventEmitter.<anonymous> (C:\Users\Louis\AppData\Roaming\nvm\v0.12.18\node_modules\npm\lib\utils\lifecycle.js:217:16)
559 verbose stack     at EventEmitter.emit (events.js:110:17)
559 verbose stack     at ChildProcess.<anonymous> (C:\Users\Louis\AppData\Roaming\nvm\v0.12.18\node_modules\npm\lib\utils\spawn.js:24:14)
559 verbose stack     at ChildProcess.emit (events.js:110:17)
559 verbose stack     at maybeClose (child_process.js:1019:16)
559 verbose stack     at Process.ChildProcess._handle.onexit (child_process.js:1091:5)
560 verbose pkgid mdns@2.7.2
561 verbose cwd W:\test.tadaaam.studio\auto_print
562 error Windows_NT 10.0.19045
563 error argv "C:\\Program Files\\nodejs\\\\node.exe" "C:\\Program Files\\nodejs\\node_modules\\npm\\bin\\npm-cli.js" "i" "mdns"
564 error node v0.12.18
565 error npm  v2.15.11
566 error code ELIFECYCLE
567 error mdns@2.7.2 install: `node-gyp rebuild`
567 error Exit status 1
568 error Failed at the mdns@2.7.2 install script 'node-gyp rebuild'.
568 error This is most likely a problem with the mdns package,
568 error not with npm itself.
568 error Tell the author that this fails on your system:
568 error     node-gyp rebuild
568 error You can get information on how to open an issue for this project with:
568 error     npm bugs mdns
568 error Or if that isn't available, you can get their info via:
568 error
568 error     npm owner ls mdns
568 error There is likely additional logging output above.
569 verbose exit [ 1, true ]
570 verbose unbuild node_modules\mdns
571 info preuninstall mdns@2.7.2
572 info uninstall mdns@2.7.2
573 verbose unbuild rmStuff mdns@2.7.2 from W:\test.tadaaam.studio\auto_print\node_modules
574 info postuninstall mdns@2.7.2
575 silly gentlyRm W:\test.tadaaam.studio\auto_print\node_modules\mdns is being purged from base W:\test.tadaaam.studio\auto_print
576 verbose gentlyRm don't care about contents; nuking W:\test.tadaaam.studio\auto_print\node_modules\mdns
577 silly vacuum-fs purging W:\test.tadaaam.studio\auto_print\node_modules\mdns
578 silly vacuum-fs quitting because other entries in W:\test.tadaaam.studio\auto_print\node_modules
